Drill Listing
=============
Drill: .035  Tool: 1  Feed: 197  Speed: 550
X 130000  Y 120000
X 180000  Y 120000
X 230000  Y 120000
X 240000  Y 130000
X 250000  Y 120000
X 260000  Y 150000
X 270000  Y 120000
X 290000  Y 150000
X 320000  Y 120000
X 340000  Y 120000
X 320000  Y 190000
X 320000  Y 170000
X 240000  Y 170000
X 240000  Y 180000
X 200000  Y 180000
X 200000  Y 170000
X 180000  Y 170000
X 160000  Y 180000
X 150000  Y 180000
X 130000  Y 180000
X 130000  Y 230000
X 240000  Y 230000
X 260000  Y 200000
X 290000  Y 200000
X 290000  Y 230000
X 330000  Y 230000

End of Listing
